2022-11-28 15:47:13.606  INFO 21116 --- [restartedMain] c.c.events.EventManagementApplication    : Starting EventManagementApplication using Java 17.0.4 on LIN83005561 with PID 21116 (C:\Users\hasonti\Desktop\Workspace\EventManagement\EventManagement\target\classes started by hasonti in C:\Users\hasonti\Desktop\Workspace\EventManagement\EventManagement)
2022-11-28 15:47:13.615  INFO 21116 --- [restartedMain] c.c.events.EventManagementApplication    : No active profile set, falling back to 1 default profile: "default"
2022-11-28 15:47:13.683  INFO 21116 --- [restartedMain] .e.DevToolsPropertyDefaultsPostProcessor : Devtools property defaults active! Set 'spring.devtools.add-properties' to 'false' to disable
2022-11-28 15:47:13.684  INFO 21116 --- [restartedMain] .e.DevToolsPropertyDefaultsPostProcessor : For additional web related logging consider setting the 'logging.level.web' property to 'DEBUG'
2022-11-28 15:47:14.357  INFO 21116 --- [restartedMain] .s.d.r.c.RepositoryConfigurationDelegate : Bootstrapping Spring Data JPA repositories in DEFAULT mode.
2022-11-28 15:47:14.428  INFO 21116 --- [restartedMain] .s.d.r.c.RepositoryConfigurationDelegate : Finished Spring Data repository scanning in 60 ms. Found 5 JPA repository interfaces.
2022-11-28 15:47:14.979  INFO 21116 --- [restartedMain] o.s.b.w.embedded.tomcat.TomcatWebServer  : Tomcat initialized with port(s): 8095 (http)
2022-11-28 15:47:14.989  INFO 21116 --- [restartedMain] o.apache.catalina.core.StandardService   : Starting service [Tomcat]
2022-11-28 15:47:14.990  INFO 21116 --- [restartedMain] org.apache.catalina.core.StandardEngine  : Starting Servlet engine: [Apache Tomcat/9.0.68]
2022-11-28 15:47:15.068  INFO 21116 --- [restartedMain] o.a.c.c.C.[Tomcat].[localhost].[/]       : Initializing Spring embedded WebApplicationContext
2022-11-28 15:47:15.068  INFO 21116 --- [restartedMain] w.s.c.ServletWebServerApplicationContext : Root WebApplicationContext: initialization completed in 1384 ms
2022-11-28 15:47:15.203  INFO 21116 --- [restartedMain] o.hibernate.jpa.internal.util.LogHelper  : HHH000204: Processing PersistenceUnitInfo [name: default]
2022-11-28 15:47:15.251  INFO 21116 --- [restartedMain] org.hibernate.Version                    : HHH000412: Hibernate ORM core version 5.6.12.Final
2022-11-28 15:47:15.414  INFO 21116 --- [restartedMain] o.hibernate.annotations.common.Version   : HCANN000001: Hibernate Commons Annotations {5.1.2.Final}
2022-11-28 15:47:15.512  INFO 21116 --- [restartedMain] com.zaxxer.hikari.HikariDataSource       : HikariPool-1 - Starting...
2022-11-28 15:47:15.735  INFO 21116 --- [restartedMain] com.zaxxer.hikari.HikariDataSource       : HikariPool-1 - Start completed.
2022-11-28 15:47:15.752  INFO 21116 --- [restartedMain] org.hibernate.dialect.Dialect            : HHH000400: Using dialect: org.hibernate.dialect.PostgreSQL95Dialect
2022-11-28 15:47:16.556  INFO 21116 --- [restartedMain] o.h.e.t.j.p.i.JtaPlatformInitiator       : HHH000490: Using JtaPlatform implementation: [org.hibernate.engine.transaction.jta.platform.internal.NoJtaPlatform]
2022-11-28 15:47:16.568  INFO 21116 --- [restartedMain] j.LocalContainerEntityManagerFactoryBean : Initialized JPA EntityManagerFactory for persistence unit 'default'
2022-11-28 15:47:17.075  WARN 21116 --- [restartedMain] JpaBaseConfiguration$JpaWebConfiguration : spring.jpa.open-in-view is enabled by default. Therefore, database queries may be performed during view rendering. Explicitly configure spring.jpa.open-in-view to disable this warning
2022-11-28 15:47:17.394  INFO 21116 --- [restartedMain] o.s.b.d.a.OptionalLiveReloadServer       : LiveReload server is running on port 35729
2022-11-28 15:47:17.445  INFO 21116 --- [restartedMain] o.s.b.w.embedded.tomcat.TomcatWebServer  : Tomcat started on port(s): 8095 (http) with context path ''
2022-11-28 15:47:17.457  INFO 21116 --- [restartedMain] c.c.events.EventManagementApplication    : Started EventManagementApplication in 4.352 seconds (JVM running for 5.403)
2022-11-28 21:02:58.566  WARN 21116 --- [HikariPool-1 housekeeper] com.zaxxer.hikari.pool.HikariPool        : HikariPool-1 - Thread starvation or clock leap detected (housekeeper delta=1h3m8s604ms554µs700ns).
